<?xml version="1.0" encoding="UTF-8" ?>
<testsuite tests="38" failures="0" name="edu.neu.coe.info6205.life.base.GroupTest" time="0.255" errors="0" skipped="0">
  <properties>
    <property name="java.runtime.name" value="Java(TM) SE Runtime Environment"/>
    <property name="java.vm.version" value="15.0.1+9-18"/>
    <property name="sun.boot.library.path" value="/Library/Java/JavaVirtualMachines/jdk-15.0.1.jdk/Contents/Home/lib"/>
    <property name="maven.multiModuleProjectDirectory" value="/Users/Air/Documents/GitHub/INFO6205ProjectTeam10"/>
    <property name="java.vm.vendor" value="Oracle Corporation"/>
    <property name="java.vendor.url" value="https://java.oracle.com/"/>
    <property name="guice.disable.misplaced.annotation.check" value="true"/>
    <property name="path.separator" value=":"/>
    <property name="java.vm.name" value="Java HotSpot(TM) 64-Bit Server VM"/>
    <property name="user.script" value="Hans"/>
    <property name="user.country" value="CN"/>
    <property name="sun.java.launcher" value="SUN_STANDARD"/>
    <property name="java.vm.specification.name" value="Java Virtual Machine Specification"/>
    <property name="user.dir" value="/Users/Air/Documents/GitHub/INFO6205ProjectTeam10"/>
    <property name="java.vm.compressedOopsMode" value="Zero based"/>
    <property name="java.runtime.version" value="15.0.1+9-18"/>
    <property name="os.arch" value="x86_64"/>
    <property name="java.io.tmpdir" value="/var/folders/b5/2fxy0z154x7b85ysg6kc4xh40000gn/T/"/>
    <property name="line.separator" value="
"/>
    <property name="java.vm.specification.vendor" value="Oracle Corporation"/>
    <property name="os.name" value="Mac OS X"/>
    <property name="maven.ext.class.path" value="/Applications/NetBeans/Apache NetBeans 12.2.app/Contents/Resources/NetBeans/netbeans/java/maven-nblib/netbeans-eventspy.jar"/>
    <property name="classworlds.conf" value="/Applications/NetBeans/Apache NetBeans 12.2.app/Contents/Resources/NetBeans/netbeans/java/maven/bin/m2.conf"/>
    <property name="sun.jnu.encoding" value="UTF-8"/>
    <property name="java.library.path" value="/Users/Air/Library/Java/Extensions:/Library/Java/Extensions:/Network/Library/Java/Extensions:/System/Library/Java/Extensions:/usr/lib/java:."/>
    <property name="maven.conf" value="/Applications/NetBeans/Apache NetBeans 12.2.app/Contents/Resources/NetBeans/netbeans/java/maven/conf"/>
    <property name="jdk.debug" value="release"/>
    <property name="java.class.version" value="59.0"/>
    <property name="java.specification.name" value="Java Platform API Specification"/>
    <property name="sun.management.compiler" value="HotSpot 64-Bit Tiered Compilers"/>
    <property name="os.version" value="10.13.6"/>
    <property name="library.jansi.path" value="/Applications/NetBeans/Apache NetBeans 12.2.app/Contents/Resources/NetBeans/netbeans/java/maven/lib/jansi-native"/>
    <property name="user.home" value="/Users/Air"/>
    <property name="user.timezone" value="America/New_York"/>
    <property name="file.encoding" value="UTF-8"/>
    <property name="java.specification.version" value="15"/>
    <property name="user.name" value="Air"/>
    <property name="java.class.path" value="/Applications/NetBeans/Apache NetBeans 12.2.app/Contents/Resources/NetBeans/netbeans/java/maven/boot/plexus-classworlds-2.6.0.jar"/>
    <property name="java.vm.specification.version" value="15"/>
    <property name="sun.arch.data.model" value="64"/>
    <property name="sun.java.command" value="org.codehaus.plexus.classworlds.launcher.Launcher -Dmaven.ext.class.path=/Applications/NetBeans/Apache NetBeans 12.2.app/Contents/Resources/NetBeans/netbeans/java/maven-nblib/netbeans-eventspy.jar install"/>
    <property name="java.home" value="/Library/Java/JavaVirtualMachines/jdk-15.0.1.jdk/Contents/Home"/>
    <property name="user.language" value="zh"/>
    <property name="java.specification.vendor" value="Oracle Corporation"/>
    <property name="java.vm.info" value="mixed mode, sharing"/>
    <property name="java.version" value="15.0.1"/>
    <property name="java.vendor" value="Oracle Corporation"/>
    <property name="maven.home" value="/Applications/NetBeans/Apache NetBeans 12.2.app/Contents/Resources/NetBeans/netbeans/java/maven"/>
    <property name="file.separator" value="/"/>
    <property name="java.version.date" value="2020-10-20"/>
    <property name="java.vendor.url.bug" value="https://bugreport.java.com/bugreport/"/>
    <property name="sun.io.unicode.encoding" value="UnicodeBig"/>
    <property name="sun.cpu.endian" value="little"/>
  </properties>
  <testcase classname="edu.neu.coe.info6205.life.base.GroupTest" name="testCellsAndNeighbors0" time="0.165"/>
  <testcase classname="edu.neu.coe.info6205.life.base.GroupTest" name="testCellsAndNeighbors1" time="0.002"/>
  <testcase classname="edu.neu.coe.info6205.life.base.GroupTest" name="testAdd" time="0.005"/>
  <testcase classname="edu.neu.coe.info6205.life.base.GroupTest" name="testWithinExtents" time="0.001"/>
  <testcase classname="edu.neu.coe.info6205.life.base.GroupTest" name="testGetAbsolute0" time="0.002"/>
  <testcase classname="edu.neu.coe.info6205.life.base.GroupTest" name="testGetAbsolute1" time="0.001"/>
  <testcase classname="edu.neu.coe.info6205.life.base.GroupTest" name="testBlock" time="0.003"/>
  <testcase classname="edu.neu.coe.info6205.life.base.GroupTest" name="testAdd0" time="0.006"/>
  <testcase classname="edu.neu.coe.info6205.life.base.GroupTest" name="testAdd1" time="0"/>
  <testcase classname="edu.neu.coe.info6205.life.base.GroupTest" name="testAdd2" time="0.007"/>
  <testcase classname="edu.neu.coe.info6205.life.base.GroupTest" name="testLoaf" time="0.005"/>
  <testcase classname="edu.neu.coe.info6205.life.base.GroupTest" name="testForEach" time="0.004"/>
  <testcase classname="edu.neu.coe.info6205.life.base.GroupTest" name="testToString" time="0"/>
  <testcase classname="edu.neu.coe.info6205.life.base.GroupTest" name="testConstructor1" time="0"/>
  <testcase classname="edu.neu.coe.info6205.life.base.GroupTest" name="testConstructor2" time="0"/>
  <testcase classname="edu.neu.coe.info6205.life.base.GroupTest" name="testBeehive" time="0.001"/>
  <testcase classname="edu.neu.coe.info6205.life.base.GroupTest" name="testBlinker" time="0.001"/>
  <testcase classname="edu.neu.coe.info6205.life.base.GroupTest" name="testGlider1" time="0.015"/>
  <testcase classname="edu.neu.coe.info6205.life.base.GroupTest" name="testGlider2" time="0.009"/>
  <testcase classname="edu.neu.coe.info6205.life.base.GroupTest" name="testGlider3" time="0.003"/>
  <testcase classname="edu.neu.coe.info6205.life.base.GroupTest" name="testNewGeneration0" time="0"/>
  <testcase classname="edu.neu.coe.info6205.life.base.GroupTest" name="testNewGeneration1" time="0"/>
  <testcase classname="edu.neu.coe.info6205.life.base.GroupTest" name="testChangeOrigin" time="0.001"/>
  <testcase classname="edu.neu.coe.info6205.life.base.GroupTest" name="transpose" time="0.001"/>
  <testcase classname="edu.neu.coe.info6205.life.base.GroupTest" name="testGetExtent" time="0"/>
  <testcase classname="edu.neu.coe.info6205.life.base.GroupTest" name="testOverlap0" time="0"/>
  <testcase classname="edu.neu.coe.info6205.life.base.GroupTest" name="testOverlap1" time="0"/>
  <testcase classname="edu.neu.coe.info6205.life.base.GroupTest" name="testOverlap2" time="0"/>
  <testcase classname="edu.neu.coe.info6205.life.base.GroupTest" name="testOverlap3" time="0"/>
  <testcase classname="edu.neu.coe.info6205.life.base.GroupTest" name="testOverlap4" time="0"/>
  <testcase classname="edu.neu.coe.info6205.life.base.GroupTest" name="testGetOrigin" time="0"/>
  <testcase classname="edu.neu.coe.info6205.life.base.GroupTest" name="testMerge0" time="0"/>
  <testcase classname="edu.neu.coe.info6205.life.base.GroupTest" name="testMerge1" time="0.023"/>
  <testcase classname="edu.neu.coe.info6205.life.base.GroupTest" name="testMerge2" time="0"/>
  <testcase classname="edu.neu.coe.info6205.life.base.GroupTest" name="testRemove" time="0"/>
  <testcase classname="edu.neu.coe.info6205.life.base.GroupTest" name="testRender" time="0"/>
  <testcase classname="edu.neu.coe.info6205.life.base.GroupTest" name="testToStringInGrid" time="0"/>
  <testcase classname="edu.neu.coe.info6205.life.base.GroupTest" name="testConstructor" time="0"/>
</testsuite>